2024-03-19T16:29:17.482-03:00  INFO 9872 --- [restartedMain] b.c.l.c.CrudExerciseApplication          : Starting CrudExerciseApplication using Java 17.0.10 with PID 9872 (C:\Users\85938454522\Desktop\Workspace\240049-luiz-felipe-correia-gomes\java-avancado\aula-05\crud-exercise\target\classes started by 85938454522 in C:\Users\85938454522\Desktop\Workspace\240049-luiz-felipe-correia-gomes\java-avancado\aula-05\crud-exercise)
2024-03-19T16:29:17.489-03:00  INFO 9872 --- [restartedMain] b.c.l.c.CrudExerciseApplication          : No active profile set, falling back to 1 default profile: "default"
2024-03-19T16:29:17.536-03:00  INFO 9872 --- [restartedMain] .e.DevToolsPropertyDefaultsPostProcessor : Devtools property defaults active! Set 'spring.devtools.add-properties' to 'false' to disable
2024-03-19T16:29:17.536-03:00  INFO 9872 --- [restartedMain] .e.DevToolsPropertyDefaultsPostProcessor : For additional web related logging consider setting the 'logging.level.web' property to 'DEBUG'
2024-03-19T16:29:18.137-03:00  INFO 9872 --- [restartedMain] .s.d.r.c.RepositoryConfigurationDelegate : Bootstrapping Spring Data JPA repositories in DEFAULT mode.
2024-03-19T16:29:18.173-03:00  INFO 9872 --- [restartedMain] .s.d.r.c.RepositoryConfigurationDelegate : Finished Spring Data repository scanning in 30 ms. Found 3 JPA repository interfaces.
2024-03-19T16:29:18.693-03:00  INFO 9872 --- [restartedMain] o.s.b.w.e.t.TomcatWebServer              : Tomcat initialized with port 8080 (http)
2024-03-19T16:29:18.755-03:00  INFO 9872 --- [restartedMain] w.s.c.ServletWebServerApplicationContext : Root WebApplicationContext: initialization completed in 1216 ms
2024-03-19T16:29:18.874-03:00  INFO 9872 --- [restartedMain] o.h.j.i.u.LogHelper                      : HHH000204: Processing PersistenceUnitInfo [name: default]
2024-03-19T16:29:18.917-03:00  INFO 9872 --- [restartedMain] o.h.Version                              : HHH000412: Hibernate ORM core version 6.4.4.Final
2024-03-19T16:29:18.942-03:00  INFO 9872 --- [restartedMain] o.h.c.i.RegionFactoryInitiator           : HHH000026: Second-level cache disabled
2024-03-19T16:29:19.125-03:00  INFO 9872 --- [restartedMain] o.s.o.j.p.SpringPersistenceUnitInfo      : No LoadTimeWeaver setup: ignoring JPA class transformer
2024-03-19T16:29:19.151-03:00  INFO 9872 --- [restartedMain] c.z.h.HikariDataSource                   : HikariPool-1 - Starting...
2024-03-19T16:29:19.318-03:00  INFO 9872 --- [restartedMain] c.z.h.p.HikariPool                       : HikariPool-1 - Added connection org.postgresql.jdbc.PgConnection@4f426d9c
2024-03-19T16:29:19.329-03:00  INFO 9872 --- [restartedMain] c.z.h.HikariDataSource                   : HikariPool-1 - Start completed.
2024-03-19T16:29:19.380-03:00  WARN 9872 --- [restartedMain] o.h.o.deprecation                        : HHH90000025: PostgreSQLDialect does not need to be specified explicitly using 'hibernate.dialect' (remove the property setting and it will be selected by default)
2024-03-19T16:29:20.068-03:00  INFO 9872 --- [restartedMain] o.h.e.t.j.p.i.JtaPlatformInitiator       : HHH000489: No JTA platform available (set 'hibernate.transaction.jta.platform' to enable JTA platform integration)
2024-03-19T16:29:20.157-03:00  INFO 9872 --- [restartedMain] j.LocalContainerEntityManagerFactoryBean : Initialized JPA EntityManagerFactory for persistence unit 'default'
2024-03-19T16:29:20.488-03:00  WARN 9872 --- [restartedMain] JpaBaseConfiguration$JpaWebConfiguration : spring.jpa.open-in-view is enabled by default. Therefore, database queries may be performed during view rendering. Explicitly configure spring.jpa.open-in-view to disable this warning
2024-03-19T16:29:20.801-03:00  INFO 9872 --- [restartedMain] o.s.b.d.a.OptionalLiveReloadServer       : LiveReload server is running on port 35729
2024-03-19T16:29:20.829-03:00  INFO 9872 --- [restartedMain] o.s.b.w.e.t.TomcatWebServer              : Tomcat started on port 8080 (http) with context path ''
2024-03-19T16:29:20.838-03:00  INFO 9872 --- [restartedMain] b.c.l.c.CrudExerciseApplication          : Started CrudExerciseApplication in 3.713 seconds (process running for 4.272)
2024-03-19T16:29:20.841-03:00  INFO 9872 --- [restartedMain] b.c.l.c.CrudExerciseApplication          : Application started successfully!
2024-03-19T16:30:28.541-03:00  INFO 9872 --- [http-nio-8080-exec-3] o.s.w.s.DispatcherServlet                : Initializing Servlet 'dispatcherServlet'
2024-03-19T16:30:28.543-03:00  INFO 9872 --- [http-nio-8080-exec-3] o.s.w.s.DispatcherServlet                : Completed initialization in 1 ms
2024-03-19T16:30:29.051-03:00  INFO 9872 --- [http-nio-8080-exec-5] o.s.a.AbstractOpenApiResource            : Init duration for springdoc-openapi is: 271 ms
2024-03-19T16:32:32.105-03:00  WARN 9872 --- [http-nio-8080-exec-9] .w.s.m.s.DefaultHandlerExceptionResolver : Resolved [org.springframework.http.converter.HttpMessageNotReadableException: JSON parse error: Unexpected character ('}' (code 125)): was expecting double-quote to start field name]
2024-03-19T16:33:05.271-03:00  WARN 9872 --- [http-nio-8080-exec-6] .w.s.m.s.DefaultHandlerExceptionResolver : Resolved [org.springframework.http.converter.HttpMessageNotReadableException: JSON parse error: Unexpected character ('}' (code 125)): was expecting double-quote to start field name]
2024-03-19T16:33:57.937-03:00  INFO 9872 --- [http-nio-8080-exec-2] b.c.l.c.c.CategoryController             : Saving category with name Eletrodoméstico
2024-03-19T16:34:56.276-03:00  INFO 9872 --- [http-nio-8080-exec-3] b.c.l.c.c.CategoryController             : Saving category with name Eletrodoméstico
2024-03-19T16:39:21.869-03:00  INFO 9872 --- [File Watcher] rtingClassPathChangeChangedEventListener : Restarting due to 1 class path change (0 additions, 0 deletions, 1 modification)
2024-03-19T16:39:21.891-03:00  INFO 9872 --- [Thread-5] j.LocalContainerEntityManagerFactoryBean : Closing JPA EntityManagerFactory for persistence unit 'default'
2024-03-19T16:39:21.910-03:00  INFO 9872 --- [Thread-5] c.z.h.HikariDataSource                   : HikariPool-1 - Shutdown initiated...
2024-03-19T16:39:21.913-03:00  INFO 9872 --- [Thread-5] c.z.h.HikariDataSource                   : HikariPool-1 - Shutdown completed.
2024-03-19T16:39:21.994-03:00  INFO 9872 --- [restartedMain] b.c.l.c.CrudExerciseApplication          : Starting CrudExerciseApplication using Java 17.0.10 with PID 9872 (C:\Users\85938454522\Desktop\Workspace\240049-luiz-felipe-correia-gomes\java-avancado\aula-05\crud-exercise\target\classes started by 85938454522 in C:\Users\85938454522\Desktop\Workspace\240049-luiz-felipe-correia-gomes\java-avancado\aula-05\crud-exercise)
2024-03-19T16:39:21.995-03:00  INFO 9872 --- [restartedMain] b.c.l.c.CrudExerciseApplication          : No active profile set, falling back to 1 default profile: "default"
2024-03-19T16:39:22.151-03:00  INFO 9872 --- [restartedMain] .s.d.r.c.RepositoryConfigurationDelegate : Bootstrapping Spring Data JPA repositories in DEFAULT mode.
2024-03-19T16:39:22.159-03:00  INFO 9872 --- [restartedMain] .s.d.r.c.RepositoryConfigurationDelegate : Finished Spring Data repository scanning in 6 ms. Found 3 JPA repository interfaces.
2024-03-19T16:39:22.217-03:00  INFO 9872 --- [restartedMain] o.s.b.w.e.t.TomcatWebServer              : Tomcat initialized with port 8080 (http)
2024-03-19T16:39:22.232-03:00  INFO 9872 --- [restartedMain] w.s.c.ServletWebServerApplicationContext : Root WebApplicationContext: initialization completed in 236 ms
2024-03-19T16:39:22.255-03:00  INFO 9872 --- [restartedMain] o.h.j.i.u.LogHelper                      : HHH000204: Processing PersistenceUnitInfo [name: default]
2024-03-19T16:39:22.256-03:00  INFO 9872 --- [restartedMain] o.h.c.i.RegionFactoryInitiator           : HHH000026: Second-level cache disabled
2024-03-19T16:39:22.259-03:00  INFO 9872 --- [restartedMain] o.s.o.j.p.SpringPersistenceUnitInfo      : No LoadTimeWeaver setup: ignoring JPA class transformer
2024-03-19T16:39:22.260-03:00  INFO 9872 --- [restartedMain] c.z.h.HikariDataSource                   : HikariPool-2 - Starting...
2024-03-19T16:39:22.298-03:00  INFO 9872 --- [restartedMain] c.z.h.p.HikariPool                       : HikariPool-2 - Added connection org.postgresql.jdbc.PgConnection@3afb4c70
2024-03-19T16:39:22.299-03:00  INFO 9872 --- [restartedMain] c.z.h.HikariDataSource                   : HikariPool-2 - Start completed.
2024-03-19T16:39:22.305-03:00  WARN 9872 --- [restartedMain] o.h.o.deprecation                        : HHH90000025: PostgreSQLDialect does not need to be specified explicitly using 'hibernate.dialect' (remove the property setting and it will be selected by default)
2024-03-19T16:39:22.347-03:00  INFO 9872 --- [restartedMain] o.h.e.t.j.p.i.JtaPlatformInitiator       : HHH000489: No JTA platform available (set 'hibernate.transaction.jta.platform' to enable JTA platform integration)
2024-03-19T16:39:22.351-03:00  WARN 9872 --- [restartedMain] o.h.e.j.s.SqlExceptionHelper             : SQL Warning Code: 0, SQLState: 00000
2024-03-19T16:39:22.351-03:00  WARN 9872 --- [restartedMain] o.h.e.j.s.SqlExceptionHelper             : relação "product_category" não existe, ignorando
2024-03-19T16:39:22.353-03:00  WARN 9872 --- [restartedMain] o.h.e.j.s.SqlExceptionHelper             : SQL Warning Code: 0, SQLState: 00000
2024-03-19T16:39:22.353-03:00  WARN 9872 --- [restartedMain] o.h.e.j.s.SqlExceptionHelper             : relação "product_category" não existe, ignorando
2024-03-19T16:39:22.354-03:00  WARN 9872 --- [restartedMain] o.h.e.j.s.SqlExceptionHelper             : SQL Warning Code: 0, SQLState: 00000
2024-03-19T16:39:22.354-03:00  WARN 9872 --- [restartedMain] o.h.e.j.s.SqlExceptionHelper             : relação "products" não existe, ignorando
2024-03-19T16:39:22.355-03:00  WARN 9872 --- [restartedMain] o.h.e.j.s.SqlExceptionHelper             : SQL Warning Code: 0, SQLState: 00000
2024-03-19T16:39:22.355-03:00  WARN 9872 --- [restartedMain] o.h.e.j.s.SqlExceptionHelper             : tabela "categories" não existe, ignorando
2024-03-19T16:39:22.355-03:00  WARN 9872 --- [restartedMain] o.h.e.j.s.SqlExceptionHelper             : SQL Warning Code: 0, SQLState: 00000
2024-03-19T16:39:22.355-03:00  WARN 9872 --- [restartedMain] o.h.e.j.s.SqlExceptionHelper             : tabela "product_category" não existe, ignorando
2024-03-19T16:39:22.355-03:00  WARN 9872 --- [restartedMain] o.h.e.j.s.SqlExceptionHelper             : SQL Warning Code: 0, SQLState: 00000
2024-03-19T16:39:22.355-03:00  WARN 9872 --- [restartedMain] o.h.e.j.s.SqlExceptionHelper             : tabela "products" não existe, ignorando
2024-03-19T16:39:22.357-03:00  WARN 9872 --- [restartedMain] o.h.e.j.s.SqlExceptionHelper             : SQL Warning Code: 0, SQLState: 00000
2024-03-19T16:39:22.357-03:00  WARN 9872 --- [restartedMain] o.h.e.j.s.SqlExceptionHelper             : tabela "wishlist" não existe, ignorando
2024-03-19T16:39:22.386-03:00  INFO 9872 --- [restartedMain] j.LocalContainerEntityManagerFactoryBean : Initialized JPA EntityManagerFactory for persistence unit 'default'
2024-03-19T16:39:22.451-03:00  WARN 9872 --- [restartedMain] JpaBaseConfiguration$JpaWebConfiguration : spring.jpa.open-in-view is enabled by default. Therefore, database queries may be performed during view rendering. Explicitly configure spring.jpa.open-in-view to disable this warning
2024-03-19T16:39:22.517-03:00  INFO 9872 --- [restartedMain] o.s.b.d.a.OptionalLiveReloadServer       : LiveReload server is running on port 35729
2024-03-19T16:39:22.517-03:00  INFO 9872 --- [restartedMain] o.s.b.w.e.t.TomcatWebServer              : Tomcat started on port 8080 (http) with context path ''
2024-03-19T16:39:22.526-03:00  INFO 9872 --- [restartedMain] b.c.l.c.CrudExerciseApplication          : Started CrudExerciseApplication in 0.56 seconds (process running for 605.961)
2024-03-19T16:39:22.528-03:00  INFO 9872 --- [restartedMain] .ConditionEvaluationDeltaLoggingListener : Condition evaluation unchanged
2024-03-19T16:39:22.529-03:00  INFO 9872 --- [restartedMain] b.c.l.c.CrudExerciseApplication          : Application started successfully!
2024-03-19T16:39:25.972-03:00  INFO 9872 --- [File Watcher] rtingClassPathChangeChangedEventListener : Restarting due to 1 class path change (0 additions, 0 deletions, 1 modification)
2024-03-19T16:39:25.985-03:00  INFO 9872 --- [Thread-7] j.LocalContainerEntityManagerFactoryBean : Closing JPA EntityManagerFactory for persistence unit 'default'
2024-03-19T16:39:26.001-03:00  INFO 9872 --- [Thread-7] c.z.h.HikariDataSource                   : HikariPool-2 - Shutdown initiated...
2024-03-19T16:39:26.002-03:00  INFO 9872 --- [Thread-7] c.z.h.HikariDataSource                   : HikariPool-2 - Shutdown completed.
2024-03-19T16:39:26.069-03:00  INFO 9872 --- [restartedMain] b.c.l.c.CrudExerciseApplication          : Starting CrudExerciseApplication using Java 17.0.10 with PID 9872 (C:\Users\85938454522\Desktop\Workspace\240049-luiz-felipe-correia-gomes\java-avancado\aula-05\crud-exercise\target\classes started by 85938454522 in C:\Users\85938454522\Desktop\Workspace\240049-luiz-felipe-correia-gomes\java-avancado\aula-05\crud-exercise)
2024-03-19T16:39:26.069-03:00  INFO 9872 --- [restartedMain] b.c.l.c.CrudExerciseApplication          : No active profile set, falling back to 1 default profile: "default"
2024-03-19T16:39:26.196-03:00  INFO 9872 --- [restartedMain] .s.d.r.c.RepositoryConfigurationDelegate : Bootstrapping Spring Data JPA repositories in DEFAULT mode.
2024-03-19T16:39:26.204-03:00  INFO 9872 --- [restartedMain] .s.d.r.c.RepositoryConfigurationDelegate : Finished Spring Data repository scanning in 7 ms. Found 3 JPA repository interfaces.
2024-03-19T16:39:26.256-03:00  INFO 9872 --- [restartedMain] o.s.b.w.e.t.TomcatWebServer              : Tomcat initialized with port 8080 (http)
2024-03-19T16:39:26.267-03:00  INFO 9872 --- [restartedMain] w.s.c.ServletWebServerApplicationContext : Root WebApplicationContext: initialization completed in 196 ms
2024-03-19T16:39:26.285-03:00  INFO 9872 --- [restartedMain] o.h.j.i.u.LogHelper                      : HHH000204: Processing PersistenceUnitInfo [name: default]
2024-03-19T16:39:26.287-03:00  INFO 9872 --- [restartedMain] o.h.c.i.RegionFactoryInitiator           : HHH000026: Second-level cache disabled
2024-03-19T16:39:26.290-03:00  INFO 9872 --- [restartedMain] o.s.o.j.p.SpringPersistenceUnitInfo      : No LoadTimeWeaver setup: ignoring JPA class transformer
2024-03-19T16:39:26.291-03:00  INFO 9872 --- [restartedMain] c.z.h.HikariDataSource                   : HikariPool-3 - Starting...
2024-03-19T16:39:26.332-03:00  INFO 9872 --- [restartedMain] c.z.h.p.HikariPool                       : HikariPool-3 - Added connection org.postgresql.jdbc.PgConnection@1ecda841
2024-03-19T16:39:26.333-03:00  INFO 9872 --- [restartedMain] c.z.h.HikariDataSource                   : HikariPool-3 - Start completed.
2024-03-19T16:39:26.339-03:00  WARN 9872 --- [restartedMain] o.h.o.deprecation                        : HHH90000025: PostgreSQLDialect does not need to be specified explicitly using 'hibernate.dialect' (remove the property setting and it will be selected by default)
2024-03-19T16:39:26.382-03:00  INFO 9872 --- [restartedMain] o.h.e.t.j.p.i.JtaPlatformInitiator       : HHH000489: No JTA platform available (set 'hibernate.transaction.jta.platform' to enable JTA platform integration)
2024-03-19T16:39:26.384-03:00  WARN 9872 --- [restartedMain] o.h.e.j.s.SqlExceptionHelper             : SQL Warning Code: 0, SQLState: 00000
2024-03-19T16:39:26.384-03:00  WARN 9872 --- [restartedMain] o.h.e.j.s.SqlExceptionHelper             : relação "product_category" não existe, ignorando
2024-03-19T16:39:26.385-03:00  WARN 9872 --- [restartedMain] o.h.e.j.s.SqlExceptionHelper             : SQL Warning Code: 0, SQLState: 00000
2024-03-19T16:39:26.385-03:00  WARN 9872 --- [restartedMain] o.h.e.j.s.SqlExceptionHelper             : relação "product_category" não existe, ignorando
2024-03-19T16:39:26.386-03:00  WARN 9872 --- [restartedMain] o.h.e.j.s.SqlExceptionHelper             : SQL Warning Code: 0, SQLState: 00000
2024-03-19T16:39:26.386-03:00  WARN 9872 --- [restartedMain] o.h.e.j.s.SqlExceptionHelper             : relação "products" não existe, ignorando
2024-03-19T16:39:26.386-03:00  WARN 9872 --- [restartedMain] o.h.e.j.s.SqlExceptionHelper             : SQL Warning Code: 0, SQLState: 00000
2024-03-19T16:39:26.387-03:00  WARN 9872 --- [restartedMain] o.h.e.j.s.SqlExceptionHelper             : tabela "categories" não existe, ignorando
2024-03-19T16:39:26.387-03:00  WARN 9872 --- [restartedMain] o.h.e.j.s.SqlExceptionHelper             : SQL Warning Code: 0, SQLState: 00000
2024-03-19T16:39:26.387-03:00  WARN 9872 --- [restartedMain] o.h.e.j.s.SqlExceptionHelper             : tabela "product_category" não existe, ignorando
2024-03-19T16:39:26.389-03:00  WARN 9872 --- [restartedMain] o.h.e.j.s.SqlExceptionHelper             : SQL Warning Code: 0, SQLState: 00000
2024-03-19T16:39:26.389-03:00  WARN 9872 --- [restartedMain] o.h.e.j.s.SqlExceptionHelper             : tabela "products" não existe, ignorando
2024-03-19T16:39:26.390-03:00  WARN 9872 --- [restartedMain] o.h.e.j.s.SqlExceptionHelper             : SQL Warning Code: 0, SQLState: 00000
2024-03-19T16:39:26.390-03:00  WARN 9872 --- [restartedMain] o.h.e.j.s.SqlExceptionHelper             : tabela "wishlist" não existe, ignorando
2024-03-19T16:39:26.413-03:00  INFO 9872 --- [restartedMain] j.LocalContainerEntityManagerFactoryBean : Initialized JPA EntityManagerFactory for persistence unit 'default'
2024-03-19T16:39:26.477-03:00  WARN 9872 --- [restartedMain] JpaBaseConfiguration$JpaWebConfiguration : spring.jpa.open-in-view is enabled by default. Therefore, database queries may be performed during view rendering. Explicitly configure spring.jpa.open-in-view to disable this warning
2024-03-19T16:39:26.533-03:00  INFO 9872 --- [restartedMain] o.s.b.d.a.OptionalLiveReloadServer       : LiveReload server is running on port 35729
2024-03-19T16:39:26.539-03:00  INFO 9872 --- [restartedMain] o.s.b.w.e.t.TomcatWebServer              : Tomcat started on port 8080 (http) with context path ''
2024-03-19T16:39:26.541-03:00  INFO 9872 --- [restartedMain] b.c.l.c.CrudExerciseApplication          : Started CrudExerciseApplication in 0.497 seconds (process running for 609.976)
2024-03-19T16:39:26.542-03:00  INFO 9872 --- [restartedMain] .ConditionEvaluationDeltaLoggingListener : Condition evaluation unchanged
2024-03-19T16:39:26.542-03:00  INFO 9872 --- [restartedMain] b.c.l.c.CrudExerciseApplication          : Application started successfully!
2024-03-19T16:39:30.483-03:00  INFO 9872 --- [http-nio-8080-exec-1] o.s.w.s.DispatcherServlet                : Initializing Servlet 'dispatcherServlet'
2024-03-19T16:39:30.484-03:00  INFO 9872 --- [http-nio-8080-exec-1] o.s.w.s.DispatcherServlet                : Completed initialization in 1 ms
2024-03-19T16:39:30.489-03:00  INFO 9872 --- [http-nio-8080-exec-1] b.c.l.c.c.CategoryController             : Saving category with name Eletrodoméstico
2024-03-19T16:39:30.566-03:00  INFO 9872 --- [http-nio-8080-exec-1] b.c.l.c.c.CategoryController             : Category with name Eletrodoméstico saved successfully.
2024-03-19T16:39:32.253-03:00  INFO 9872 --- [http-nio-8080-exec-3] b.c.l.c.c.CategoryController             : Saving category with name Eletrodoméstico
2024-03-19T16:39:32.261-03:00 ERROR 9872 --- [http-nio-8080-exec-3] b.c.l.c.c.CategoryController             : Category with name Eletrodoméstico already exists.
2024-03-19T16:39:35.197-03:00  INFO 9872 --- [http-nio-8080-exec-4] b.c.l.c.c.CategoryController             : Saving category with name Eletrodoméstico
2024-03-19T16:39:35.200-03:00 ERROR 9872 --- [http-nio-8080-exec-4] b.c.l.c.c.CategoryController             : Category with name Eletrodoméstico already exists.
2024-03-19T16:39:42.240-03:00  INFO 9872 --- [File Watcher] rtingClassPathChangeChangedEventListener : Restarting due to 1 class path change (0 additions, 0 deletions, 1 modification)
2024-03-19T16:39:42.255-03:00  INFO 9872 --- [Thread-11] j.LocalContainerEntityManagerFactoryBean : Closing JPA EntityManagerFactory for persistence unit 'default'
2024-03-19T16:39:42.273-03:00  INFO 9872 --- [Thread-11] c.z.h.HikariDataSource                   : HikariPool-3 - Shutdown initiated...
2024-03-19T16:39:42.275-03:00  INFO 9872 --- [Thread-11] c.z.h.HikariDataSource                   : HikariPool-3 - Shutdown completed.
2024-03-19T16:39:42.361-03:00  INFO 9872 --- [restartedMain] b.c.l.c.CrudExerciseApplication          : Starting CrudExerciseApplication using Java 17.0.10 with PID 9872 (C:\Users\85938454522\Desktop\Workspace\240049-luiz-felipe-correia-gomes\java-avancado\aula-05\crud-exercise\target\classes started by 85938454522 in C:\Users\85938454522\Desktop\Workspace\240049-luiz-felipe-correia-gomes\java-avancado\aula-05\crud-exercise)
2024-03-19T16:39:42.362-03:00  INFO 9872 --- [restartedMain] b.c.l.c.CrudExerciseApplication          : No active profile set, falling back to 1 default profile: "default"
2024-03-19T16:39:42.484-03:00  INFO 9872 --- [restartedMain] .s.d.r.c.RepositoryConfigurationDelegate : Bootstrapping Spring Data JPA repositories in DEFAULT mode.
2024-03-19T16:39:42.492-03:00  INFO 9872 --- [restartedMain] .s.d.r.c.RepositoryConfigurationDelegate : Finished Spring Data repository scanning in 6 ms. Found 3 JPA repository interfaces.
2024-03-19T16:39:42.532-03:00  INFO 9872 --- [restartedMain] o.s.b.w.e.t.TomcatWebServer              : Tomcat initialized with port 8080 (http)
2024-03-19T16:39:42.548-03:00  INFO 9872 --- [restartedMain] w.s.c.ServletWebServerApplicationContext : Root WebApplicationContext: initialization completed in 185 ms
2024-03-19T16:39:42.569-03:00  INFO 9872 --- [restartedMain] o.h.j.i.u.LogHelper                      : HHH000204: Processing PersistenceUnitInfo [name: default]
2024-03-19T16:39:42.571-03:00  INFO 9872 --- [restartedMain] o.h.c.i.RegionFactoryInitiator           : HHH000026: Second-level cache disabled
2024-03-19T16:39:42.575-03:00  INFO 9872 --- [restartedMain] o.s.o.j.p.SpringPersistenceUnitInfo      : No LoadTimeWeaver setup: ignoring JPA class transformer
2024-03-19T16:39:42.575-03:00  INFO 9872 --- [restartedMain] c.z.h.HikariDataSource                   : HikariPool-4 - Starting...
2024-03-19T16:39:42.609-03:00  INFO 9872 --- [restartedMain] c.z.h.p.HikariPool                       : HikariPool-4 - Added connection org.postgresql.jdbc.PgConnection@526727ca
2024-03-19T16:39:42.609-03:00  INFO 9872 --- [restartedMain] c.z.h.HikariDataSource                   : HikariPool-4 - Start completed.
2024-03-19T16:39:42.614-03:00  WARN 9872 --- [restartedMain] o.h.o.deprecation                        : HHH90000025: PostgreSQLDialect does not need to be specified explicitly using 'hibernate.dialect' (remove the property setting and it will be selected by default)
2024-03-19T16:39:42.658-03:00  INFO 9872 --- [restartedMain] o.h.e.t.j.p.i.JtaPlatformInitiator       : HHH000489: No JTA platform available (set 'hibernate.transaction.jta.platform' to enable JTA platform integration)
2024-03-19T16:39:42.659-03:00  WARN 9872 --- [restartedMain] o.h.e.j.s.SqlExceptionHelper             : SQL Warning Code: 0, SQLState: 00000
2024-03-19T16:39:42.660-03:00  WARN 9872 --- [restartedMain] o.h.e.j.s.SqlExceptionHelper             : relação "product_category" não existe, ignorando
2024-03-19T16:39:42.660-03:00  WARN 9872 --- [restartedMain] o.h.e.j.s.SqlExceptionHelper             : SQL Warning Code: 0, SQLState: 00000
2024-03-19T16:39:42.660-03:00  WARN 9872 --- [restartedMain] o.h.e.j.s.SqlExceptionHelper             : relação "product_category" não existe, ignorando
2024-03-19T16:39:42.661-03:00  WARN 9872 --- [restartedMain] o.h.e.j.s.SqlExceptionHelper             : SQL Warning Code: 0, SQLState: 00000
2024-03-19T16:39:42.661-03:00  WARN 9872 --- [restartedMain] o.h.e.j.s.SqlExceptionHelper             : relação "products" não existe, ignorando
2024-03-19T16:39:42.662-03:00  WARN 9872 --- [restartedMain] o.h.e.j.s.SqlExceptionHelper             : SQL Warning Code: 0, SQLState: 00000
2024-03-19T16:39:42.662-03:00  WARN 9872 --- [restartedMain] o.h.e.j.s.SqlExceptionHelper             : tabela "categories" não existe, ignorando
2024-03-19T16:39:42.662-03:00  WARN 9872 --- [restartedMain] o.h.e.j.s.SqlExceptionHelper             : SQL Warning Code: 0, SQLState: 00000
2024-03-19T16:39:42.662-03:00  WARN 9872 --- [restartedMain] o.h.e.j.s.SqlExceptionHelper             : tabela "product_category" não existe, ignorando
2024-03-19T16:39:42.663-03:00  WARN 9872 --- [restartedMain] o.h.e.j.s.SqlExceptionHelper             : SQL Warning Code: 0, SQLState: 00000
2024-03-19T16:39:42.663-03:00  WARN 9872 --- [restartedMain] o.h.e.j.s.SqlExceptionHelper             : tabela "products" não existe, ignorando
2024-03-19T16:39:42.663-03:00  WARN 9872 --- [restartedMain] o.h.e.j.s.SqlExceptionHelper             : SQL Warning Code: 0, SQLState: 00000
2024-03-19T16:39:42.663-03:00  WARN 9872 --- [restartedMain] o.h.e.j.s.SqlExceptionHelper             : tabela "wishlist" não existe, ignorando
2024-03-19T16:39:42.685-03:00  INFO 9872 --- [restartedMain] j.LocalContainerEntityManagerFactoryBean : Initialized JPA EntityManagerFactory for persistence unit 'default'
2024-03-19T16:39:42.741-03:00  WARN 9872 --- [restartedMain] JpaBaseConfiguration$JpaWebConfiguration : spring.jpa.open-in-view is enabled by default. Therefore, database queries may be performed during view rendering. Explicitly configure spring.jpa.open-in-view to disable this warning
2024-03-19T16:39:42.791-03:00  INFO 9872 --- [restartedMain] o.s.b.d.a.OptionalLiveReloadServer       : LiveReload server is running on port 35729
2024-03-19T16:39:42.802-03:00  INFO 9872 --- [restartedMain] o.s.b.w.e.t.TomcatWebServer              : Tomcat started on port 8080 (http) with context path ''
2024-03-19T16:39:42.805-03:00  INFO 9872 --- [restartedMain] b.c.l.c.CrudExerciseApplication          : Started CrudExerciseApplication in 0.478 seconds (process running for 626.24)
2024-03-19T16:39:42.806-03:00  INFO 9872 --- [restartedMain] .ConditionEvaluationDeltaLoggingListener : Condition evaluation unchanged
2024-03-19T16:39:42.807-03:00  INFO 9872 --- [restartedMain] b.c.l.c.CrudExerciseApplication          : Application started successfully!
2024-03-19T16:40:42.524-03:00  INFO 9872 --- [http-nio-8080-exec-1] o.s.w.s.DispatcherServlet                : Initializing Servlet 'dispatcherServlet'
2024-03-19T16:40:42.525-03:00  INFO 9872 --- [http-nio-8080-exec-1] o.s.w.s.DispatcherServlet                : Completed initialization in 1 ms
2024-03-19T16:40:42.530-03:00  INFO 9872 --- [http-nio-8080-exec-1] b.c.l.c.c.CategoryController             : Saving category with name Eletrodoméstico
2024-03-19T16:40:42.535-03:00  INFO 9872 --- [http-nio-8080-exec-1] b.c.l.c.c.CategoryController             : Category with name Eletrodoméstico saved successfully.
2024-03-19T16:40:45.370-03:00  INFO 9872 --- [http-nio-8080-exec-2] b.c.l.c.c.CategoryController             : Saving category with name Eletrodoméstico
2024-03-19T16:40:45.372-03:00 ERROR 9872 --- [http-nio-8080-exec-2] b.c.l.c.c.CategoryController             : Category with name Eletrodoméstico already exists.
